# JRE version: Java(TM) SE Runtime Environment (17.0.12+8) (build 17.0.12+8-LTS-286)
# Java VM: Java HotSpot(TM) 64-Bit Server VM (17.0.12+8-LTS-286, mixed mode, sharing, tiered, compressed oops, compressed class ptrs, g1 gc, windows-amd64)
GC Precious Log:
 CPUs: 12 total, 12 available
 Memory: 16291M
 Large Page Support: Disabled
 NUMA Support: Disabled
 Compressed Oops: Enabled (32-bit)
 Heap Region Size: 1M
 Heap Min Capacity: 8M
 Heap Initial Capacity: 256M
 Heap Max Capacity: 2G
 Pre-touch: Disabled
 Parallel Workers: 10
 Concurrent Workers: 3
 Concurrent Refinement Workers: 10
 Periodic GC: Disabled
Heap:
 garbage-first heap   total 320512K, used 160776K [0x0000000080000000, 0x0000000100000000)
  region size 1024K, 59 young (60416K), 2 survivors (2048K)
 Metaspace       used 89746K, committed 90624K, reserved 557056K
  class space    used 12431K, committed 12864K, reserved 425984K
GC Heap History (20 events):
Event: 8.221 GC heap before
{Heap before GC invocations=23 (full 0):
 garbage-first heap   total 159744K, used 62464K [0x0000000080000000, 0x0000000100000000)
  region size 1024K, 7 young (7168K), 6 survivors (6144K)
 Metaspace       used 65657K, committed 66368K, reserved 491520K
  class space    used 9279K, committed 9600K, reserved 425984K
}
Event: 8.226 GC heap after
{Heap after GC invocations=24 (full 0):
 garbage-first heap   total 159744K, used 61776K [0x0000000080000000, 0x0000000100000000)
  region size 1024K, 1 young (1024K), 1 survivors (1024K)
 Metaspace       used 65657K, committed 66368K, reserved 491520K
  class space    used 9279K, committed 9600K, reserved 425984K
}
Event: 9.173 GC heap before
{Heap before GC invocations=24 (full 0):
 garbage-first heap   total 159744K, used 129360K [0x0000000080000000, 0x0000000100000000)
  region size 1024K, 68 young (69632K), 1 survivors (1024K)
 Metaspace       used 70029K, committed 70848K, reserved 491520K
  class space    used 9898K, committed 10304K, reserved 425984K
}
Event: 9.179 GC heap after
{Heap after GC invocations=25 (full 0):
 garbage-first heap   total 159744K, used 67390K [0x0000000080000000, 0x0000000100000000)
  region size 1024K, 7 young (7168K), 7 survivors (7168K)
 Metaspace       used 70029K, committed 70848K, reserved 491520K
  class space    used 9898K, committed 10304K, reserved 425984K
}
Event: 10.050 GC heap before
{Heap before GC invocations=25 (full 0):
 garbage-first heap   total 159744K, used 127806K [0x0000000080000000, 0x0000000100000000)
  region size 1024K, 67 young (68608K), 7 survivors (7168K)
 Metaspace       used 73222K, committed 74048K, reserved 491520K
  class space    used 10402K, committed 10816K, reserved 425984K
}
Event: 10.057 GC heap after
{Heap after GC invocations=26 (full 0):
 garbage-first heap   total 159744K, used 73289K [0x0000000080000000, 0x0000000100000000)
  region size 1024K, 8 young (8192K), 8 survivors (8192K)
 Metaspace       used 73222K, committed 74048K, reserved 491520K
  class space    used 10402K, committed 10816K, reserved 425984K
}
Event: 10.506 GC heap before
{Heap before GC invocations=26 (full 0):
 garbage-first heap   total 159744K, used 127561K [0x0000000080000000, 0x0000000100000000)
  region size 1024K, 62 young (63488K), 8 survivors (8192K)
 Metaspace       used 73908K, committed 74752K, reserved 491520K
  class space    used 10427K, committed 10816K, reserved 425984K
}
Event: 10.513 GC heap after
{Heap after GC invocations=27 (full 0):
 garbage-first heap   total 159744K, used 78220K [0x0000000080000000, 0x0000000100000000)
  region size 1024K, 7 young (7168K), 7 survivors (7168K)
 Metaspace       used 73908K, committed 74752K, reserved 491520K
  class space    used 10427K, committed 10816K, reserved 425984K
}
Event: 10.616 GC heap before
{Heap before GC invocations=27 (full 0):
 garbage-first heap   total 159744K, used 126348K [0x0000000080000000, 0x0000000100000000)
  region size 1024K, 55 young (56320K), 7 survivors (7168K)
 Metaspace       used 73998K, committed 74816K, reserved 491520K
  class space    used 10427K, committed 10816K, reserved 425984K
}
Event: 10.620 GC heap after
{Heap after GC invocations=28 (full 0):
 garbage-first heap   total 159744K, used 80221K [0x0000000080000000, 0x0000000100000000)
  region size 1024K, 4 young (4096K), 4 survivors (4096K)
 Metaspace       used 73998K, committed 74816K, reserved 491520K
  class space    used 10427K, committed 10816K, reserved 425984K
}
Event: 10.788 GC heap before
{Heap before GC invocations=29 (full 0):
 garbage-first heap   total 173056K, used 130397K [0x0000000080000000, 0x0000000100000000)
  region size 1024K, 52 young (53248K), 4 survivors (4096K)
 Metaspace       used 74030K, committed 74944K, reserved 491520K
  class space    used 10431K, committed 10880K, reserved 425984K
}
Event: 10.792 GC heap after
{Heap after GC invocations=30 (full 0):
 garbage-first heap   total 173056K, used 84668K [0x0000000080000000, 0x0000000100000000)
  region size 1024K, 5 young (5120K), 5 survivors (5120K)
 Metaspace       used 74030K, committed 74944K, reserved 491520K
  class space    used 10431K, committed 10880K, reserved 425984K
}
Event: 10.863 GC heap before
{Heap before GC invocations=30 (full 0):
 garbage-first heap   total 173056K, used 87740K [0x0000000080000000, 0x0000000100000000)
  region size 1024K, 8 young (8192K), 5 survivors (5120K)
 Metaspace       used 74033K, committed 75008K, reserved 491520K
  class space    used 10431K, committed 10880K, reserved 425984K
}
Event: 10.866 GC heap after
{Heap after GC invocations=31 (full 0):
 garbage-first heap   total 173056K, used 85508K [0x0000000080000000, 0x0000000100000000)
  region size 1024K, 1 young (1024K), 1 survivors (1024K)
 Metaspace       used 74033K, committed 75008K, reserved 491520K
  class space    used 10431K, committed 10880K, reserved 425984K
}
Event: 11.422 GC heap before
{Heap before GC invocations=31 (full 0):
 garbage-first heap   total 173056K, used 143876K [0x0000000080000000, 0x0000000100000000)
  region size 1024K, 54 young (55296K), 1 survivors (1024K)
 Metaspace       used 77651K, committed 78592K, reserved 557056K
  class space    used 10835K, committed 11264K, reserved 425984K
}
Event: 11.426 GC heap after
{Heap after GC invocations=32 (full 0):
 garbage-first heap   total 320512K, used 93085K [0x0000000080000000, 0x0000000100000000)
  region size 1024K, 6 young (6144K), 6 survivors (6144K)
 Metaspace       used 77651K, committed 78592K, reserved 557056K
  class space    used 10835K, committed 11264K, reserved 425984K
}
Event: 12.459 GC heap before
{Heap before GC invocations=33 (full 0):
 garbage-first heap   total 320512K, used 215965K [0x0000000080000000, 0x0000000100000000)
  region size 1024K, 119 young (121856K), 6 survivors (6144K)
 Metaspace       used 86004K, committed 86912K, reserved 557056K
  class space    used 11906K, committed 12352K, reserved 425984K
}
Event: 12.467 GC heap after
{Heap after GC invocations=34 (full 0):
 garbage-first heap   total 320512K, used 105060K [0x0000000080000000, 0x0000000100000000)
  region size 1024K, 14 young (14336K), 14 survivors (14336K)
 Metaspace       used 86004K, committed 86912K, reserved 557056K
  class space    used 11906K, committed 12352K, reserved 425984K
}
Event: 12.477 GC heap before
{Heap before GC invocations=34 (full 0):
 garbage-first heap   total 320512K, used 106084K [0x0000000080000000, 0x0000000100000000)
  region size 1024K, 15 young (15360K), 14 survivors (14336K)
 Metaspace       used 86080K, committed 86976K, reserved 557056K
  class space    used 11916K, committed 12352K, reserved 425984K
}
Event: 12.483 GC heap after
{Heap after GC invocations=35 (full 0):
 garbage-first heap   total 320512K, used 104456K [0x0000000080000000, 0x0000000100000000)
  region size 1024K, 2 young (2048K), 2 survivors (2048K)
 Metaspace       used 86080K, committed 86976K, reserved 557056K
  class space    used 11916K, committed 12352K, reserved 425984K
}

